Build started 1/11/2014 10:33:46 AM.
     1>Project "c:\Users\Lucas\documents\visual studio 2013\Projects\Ejemplo\Ejemplo\Ejemplo.vcxproj" on node 2 (Build target(s)).
     1>Link:
         C:\Program Files (x86)\Microsoft Visual Studio 12.0\VC\bin\link.exe /ERRORREPORT:PROMPT /OUT:"c:\users\lucas\documents\visual studio 2013\Projects\Ejemplo\Debug\Ejemplo.exe" /INCREMENTAL /NOLOGO kernel32.lib user32.lib gdi32.lib winspool.lib comdlg32.lib advapi32.lib shell32.lib ole32.lib oleaut32.lib uuid.lib odbc32.lib odbccp32.lib /MANIFEST /MANIFESTUAC:"level='asInvoker' uiAccess='false'" /manifest:embed /DEBUG /PDB:"c:\users\lucas\documents\visual studio 2013\Projects\Ejemplo\Debug\Ejemplo.pdb" /SUBSYSTEM:CONSOLE /TLBID:1 /DYNAMICBASE /NXCOMPAT /IMPLIB:"c:\users\lucas\documents\visual studio 2013\Projects\Ejemplo\Debug\Ejemplo.lib" /MACHINE:X86 Debug\Ejemplo.obj
         Debug\stdafx.obj
     1>LINK : fatal error LNK1168: cannot open c:\users\lucas\documents\visual studio 2013\Projects\Ejemplo\Debug\Ejemplo.exe for writing
     1>Done Building Project "c:\Users\Lucas\documents\visual studio 2013\Projects\Ejemplo\Ejemplo\Ejemplo.vcxproj" (Build target(s)) -- FAILED.

Build FAILED.

Time Elapsed 00:00:00.11
